<?xml version="1.0" encoding="UTF-8"?>
<!-- Generated by org.testng.reporters.JUnitXMLReporter -->
<testsuite hostname="DESKTOP-I9EH401" ignored="0" name="EdgeTest" tests="5" failures="0" timestamp="02 Dec 2021 14:11:14 GMT" time="0.099" errors="0">
  <testcase name="@BeforeMethod crossbrowsers" time="0.0" classname="Various_Browsers.Edge_test">
    <failure type="org.testng.TestNGException" message="
Can inject only one of &amp;lt;ITestContext, XmlTest, Method, Object[], ITestResult&amp;gt; into a @BeforeMethod annotated crossbrowsers.
For more information on native dependency injection please refer to http://testng.org/doc/documentation-main.html#native-dependency-injection">
      <![CDATA[org.testng.TestNGException: 
Can inject only one of <ITestContext, XmlTest, Method, Object[], ITestResult> into a @BeforeMethod annotated crossbrowsers.
For more information on native dependency injection please refer to http://testng.org/doc/documentation-main.html#native-dependency-injection
at java.util.concurrent.FutureTask.run(Unknown Source)
at java.util.concurrent.ThreadPoolExecutor.runWorker(Unknown Source)
at java.util.concurrent.ThreadPoolExecutor$Worker.run(Unknown Source)
at java.lang.Thread.run(Unknown Source)
... Removed 16 stack frames]]>
    </failure>
  </testcase> <!-- @BeforeMethod crossbrowsers -->
  <testcase name="@BeforeMethod crossbrowsers" time="0.0" classname="Various_Browsers.Edge_test">
    <skipped/>
  </testcase> <!-- @BeforeMethod crossbrowsers -->
  <testcase name="@BeforeMethod crossbrowsers" time="0.0" classname="Various_Browsers.Edge_test">
    <skipped/>
  </testcase> <!-- @BeforeMethod crossbrowsers -->
  <testcase name="@BeforeMethod crossbrowsers" time="0.0" classname="Various_Browsers.Edge_test">
    <skipped/>
  </testcase> <!-- @BeforeMethod crossbrowsers -->
  <testcase name="@BeforeMethod crossbrowsers" time="0.0" classname="Various_Browsers.Edge_test">
    <skipped/>
  </testcase> <!-- @BeforeMethod crossbrowsers -->
  <testcase name="first_five" time="0.0" classname="Various_Browsers.Edge_test">
    <skipped/>
  </testcase> <!-- first_five -->
  <testcase name="first_four" time="0.0" classname="Various_Browsers.Edge_test">
    <skipped/>
  </testcase> <!-- first_four -->
  <testcase name="first_step" time="0.0" classname="Various_Browsers.Edge_test">
    <skipped/>
  </testcase> <!-- first_step -->
  <testcase name="first_three" time="0.0" classname="Various_Browsers.Edge_test">
    <skipped/>
  </testcase> <!-- first_three -->
  <testcase name="first_two" time="0.0" classname="Various_Browsers.Edge_test">
    <skipped/>
  </testcase> <!-- first_two -->
</testsuite> <!-- EdgeTest -->
