<?xml version="1.0" encoding="UTF-8"?>
<!-- Generated by org.testng.reporters.JUnitXMLReporter -->
<testsuite hostname="DESKTOP-I9EH401" ignored="0" name="Test" tests="6" failures="1" timestamp="15 Dec 2021 04:34:48 GMT" time="0.087" errors="0">
  <testcase name="createLead" time="0.013" classname="Various_Browsers.Groups"/>
  <testcase name="editLead" time="0.001" classname="Various_Browsers.Groups">
    <skipped/>
  </testcase> <!-- editLead -->
  <testcase name="editLead" time="0.002" classname="Various_Browsers.Groups">
    <skipped/>
  </testcase> <!-- editLead -->
  <testcase name="editLead" time="0.001" classname="Various_Browsers.Groups">
    <skipped/>
  </testcase> <!-- editLead -->
  <testcase name="editLead" time="0.001" classname="Various_Browsers.Groups">
    <failure type="java.util.NoSuchElementException">
      <![CDATA[java.util.NoSuchElementException
at Various_Browsers.Groups.editLead(Groups.java:21)
... Removed 25 stack frames]]>
    </failure>
  </testcase> <!-- editLead -->
  <testcase name="mergeLead" time="0.001" classname="Various_Browsers.Groups"/>
</testsuite> <!-- Test -->
